#
# There is insufficient memory for the Java Runtime Environment to continue.
# Native memory allocation (malloc) failed to allocate 1048576 bytes for AllocateHeap
# Possible reasons:
#   The system is out of physical RAM or swap space
#   The process is running with CompressedOops enabled, and the Java Heap may be blocking the growth of the native heap
# Possible solutions:
#   Reduce memory load on the system
#   Increase physical memory or swap space
#   Check if swap backing store is full
#   Decrease Java heap size (-Xmx/-Xms)
#   Decrease number of Java threads
#   Decrease Java thread stack sizes (-Xss)
#   Set larger code cache with -XX:ReservedCodeCacheSize=
#   JVM is running with Unscaled Compressed Oops mode in which the Java heap is
#     placed in the first 4GB address space. The Java Heap base address is the
#     maximum limit for the native heap growth. Please use -XX:HeapBaseMinAddress
#     to set the Java Heap base and to place the Java Heap above 4GB virtual address.
# This output file may be truncated or incomplete.
#
#  Out of Memory Error (memory/allocation.inline.hpp:61), pid=10904, tid=0x00000000000019bc
#
# JRE version:  (8.0_333-b02) (build )
# Java VM: Java HotSpot(TM) 64-Bit Server VM (25.333-b02 mixed mode windows-amd64 compressed oops)
# Failed to write core dump. Minidumps are not enabled by default on client versions of Windows
#

---------------  T H R E A D  ---------------

Current thread (0x0000020939ec9800):  JavaThread "Unknown thread" [_thread_in_vm, id=6588, stack(0x0000007e4d000000,0x0000007e4d100000)]

Stack: [0x0000007e4d000000,0x0000007e4d100000]
Native frames: (J=compiled Java code, j=interpreted, Vv=VM code, C=native code)
V  [jvm.dll+0x32fc49]
V  [jvm.dll+0x2761a2]
V  [jvm.dll+0x276e4d]
V  [jvm.dll+0x26d7f5]
V  [jvm.dll+0x509d]
V  [jvm.dll+0x3d43b3]
V  [jvm.dll+0x3d4dc8]
V  [jvm.dll+0xfd2ff]
V  [jvm.dll+0x20a8eb]
V  [jvm.dll+0x239417]
V  [jvm.dll+0x162e26]
C  [java.exe+0x2312]
C  [java.exe+0x15f54]
C  [KERNEL32.DLL+0x17034]
C  [ntdll.dll+0x526a1]


---------------  P R O C E S S  ---------------

Java Threads: ( => current thread )

Other Threads:

=>0x0000020939ec9800 (exited) JavaThread "Unknown thread" [_thread_in_vm, id=6588, stack(0x0000007e4d000000,0x0000007e4d100000)]

VM state:not at safepoint (normal execution)

VM Mutex/Monitor currently owned by a thread: None

heap address: 0x0000000082200000, size: 2014 MB, Compressed Oops mode: 32-bit
Narrow klass base: 0x0000000000000000, Narrow klass shift: 3
Compressed class space size: 1073741824 Address: 0x0000000100000000

Heap:
 PSYoungGen      total 37888K, used 655K [0x00000000d6100000, 0x00000000d8b00000, 0x0000000100000000)
  eden space 32768K, 2% used [0x00000000d6100000,0x00000000d61a3d80,0x00000000d8100000)
  from space 5120K, 0% used [0x00000000d8600000,0x00000000d8600000,0x00000000d8b00000)
  to   space 5120K, 0% used [0x00000000d8100000,0x00000000d8100000,0x00000000d8600000)
 ParOldGen       total 86016K, used 0K [0x0000000082200000, 0x0000000087600000, 0x00000000d6100000)
  object space 86016K, 0% used [0x0000000082200000,0x0000000082200000,0x0000000087600000)
 Metaspace       used 778K, capacity 4480K, committed 4480K, reserved 1056768K
  class space    used 76K, capacity 384K, committed 384K, reserved 1048576K

Card table byte_map: [0x000002094aaf0000,0x000002094aee0000] byte_map_base: 0x000002094a6df000

Marking Bits: (ParMarkBitMap*) 0x000000005f209030
 Begin Bits: [0x000002094b180000, 0x000002094d0f8000)
 End Bits:   [0x000002094d0f8000, 0x000002094f070000)

Polling page: 0x0000020939e40000

CodeCache: size=245760Kb used=329Kb max_used=329Kb free=245430Kb
 bounds [0x000002093b730000, 0x000002093b9a0000, 0x000002094a730000]
 total_blobs=58 nmethods=0 adapters=38
 compilation: enabled

Compilation events (0 events):
No events

GC Heap History (0 events):
No events

Deoptimization events (0 events):
No events

Classes redefined (0 events):
No events

Internal exceptions (0 events):
No events

Events (10 events):
Event: 0.038 loading class java/lang/Short
Event: 0.038 loading class java/lang/Short done
Event: 0.038 loading class java/lang/Integer
Event: 0.038 loading class java/lang/Integer done
Event: 0.038 loading class java/lang/Long
Event: 0.038 loading class java/lang/Long done
Event: 0.039 loading class java/lang/NullPointerException
Event: 0.039 loading class java/lang/NullPointerException done
Event: 0.039 loading class java/lang/ArithmeticException
Event: 0.039 loading class java/lang/ArithmeticException done


Dynamic libraries:
0x00007ff699940000 - 0x00007ff699987000 	C:\Program Files\Java\jdk1.8.0_333\bin\java.exe
0x00007ffc689d0000 - 0x00007ffc68bc8000 	C:\Windows\SYSTEM32\ntdll.dll
0x00007ffc67c90000 - 0x00007ffc67d4d000 	C:\Windows\System32\KERNEL32.DLL
0x00007ffc66170000 - 0x00007ffc6643e000 	C:\Windows\System32\KERNELBASE.dll
0x00007ffc68810000 - 0x00007ffc688be000 	C:\Windows\System32\ADVAPI32.dll
0x00007ffc685c0000 - 0x00007ffc6865e000 	C:\Windows\System32\msvcrt.dll
0x00007ffc66d90000 - 0x00007ffc66e2c000 	C:\Windows\System32\sechost.dll
0x00007ffc67b60000 - 0x00007ffc67c85000 	C:\Windows\System32\RPCRT4.dll
0x00007ffc678e0000 - 0x00007ffc67a80000 	C:\Windows\System32\USER32.dll
0x00007ffc664f0000 - 0x00007ffc66512000 	C:\Windows\System32\win32u.dll
0x00007ffc67b30000 - 0x00007ffc67b5a000 	C:\Windows\System32\GDI32.dll
0x00007ffc665c0000 - 0x00007ffc666cb000 	C:\Windows\System32\gdi32full.dll
0x00007ffc66520000 - 0x00007ffc665bd000 	C:\Windows\System32\msvcp_win.dll
0x00007ffc666d0000 - 0x00007ffc667d0000 	C:\Windows\System32\ucrtbase.dll
0x00007ffc53730000 - 0x00007ffc539ca000 	C:\Windows\WinSxS\amd64_microsoft.windows.common-controls_6595b64144ccf1df_6.0.19041.1110_none_60b5254171f9507e\COMCTL32.dll
0x00007ffc678b0000 - 0x00007ffc678e0000 	C:\Windows\System32\IMM32.DLL
0x00007ffc610c0000 - 0x00007ffc610d5000 	C:\Program Files\Java\jdk1.8.0_333\jre\bin\vcruntime140.dll
0x00007ffc41f30000 - 0x00007ffc41fcb000 	C:\Program Files\Java\jdk1.8.0_333\jre\bin\msvcp140.dll
0x000000005ea20000 - 0x000000005f281000 	C:\Program Files\Java\jdk1.8.0_333\jre\bin\server\jvm.dll
0x00007ffc66d80000 - 0x00007ffc66d88000 	C:\Windows\System32\PSAPI.DLL
0x00007ffc61fa0000 - 0x00007ffc61fa9000 	C:\Windows\SYSTEM32\WSOCK32.dll
0x00007ffc44580000 - 0x00007ffc445a7000 	C:\Windows\SYSTEM32\WINMM.dll
0x00007ffc60410000 - 0x00007ffc6041a000 	C:\Windows\SYSTEM32\VERSION.dll
0x00007ffc68660000 - 0x00007ffc686cb000 	C:\Windows\System32\WS2_32.dll
0x00007ffc63fe0000 - 0x00007ffc63ff2000 	C:\Windows\SYSTEM32\kernel.appcore.dll
0x00007ffc61820000 - 0x00007ffc61830000 	C:\Program Files\Java\jdk1.8.0_333\jre\bin\verify.dll
0x00007ffc61090000 - 0x00007ffc610bb000 	C:\Program Files\Java\jdk1.8.0_333\jre\bin\java.dll
0x00007ffc513e0000 - 0x00007ffc51410000 	C:\Program Files\Java\jdk1.8.0_333\jre\bin\instrument.dll
0x00007ffc61070000 - 0x00007ffc61088000 	C:\Program Files\Java\jdk1.8.0_333\jre\bin\zip.dll
0x00007ffc4c130000 - 0x00007ffc4c314000 	C:\Windows\SYSTEM32\dbghelp.dll
0x00007ffc669a0000 - 0x00007ffc66a22000 	C:\Windows\System32\bcryptPrimitives.dll

VM Arguments:
jvm_args: -javaagent:C:\Program Files\JetBrains\IntelliJ IDEA Community Edition 2022.2\lib\idea_rt.jar=53176:C:\Program Files\JetBrains\IntelliJ IDEA Community Edition 2022.2\bin -Dfile.encoding=UTF-8 
java_command: LatihanAbyanKt
java_class_path (initial): C:\Program Files\Java\jdk1.8.0_333\jre\lib\charsets.jar;C:\Program Files\Java\jdk1.8.0_333\jre\lib\deploy.jar;C:\Program Files\Java\jdk1.8.0_333\jre\lib\ext\access-bridge-64.jar;C:\Program Files\Java\jdk1.8.0_333\jre\lib\ext\cldrdata.jar;C:\Program Files\Java\jdk1.8.0_333\jre\lib\ext\dnsns.jar;C:\Program Files\Java\jdk1.8.0_333\jre\lib\ext\jaccess.jar;C:\Program Files\Java\jdk1.8.0_333\jre\lib\ext\jfxrt.jar;C:\Program Files\Java\jdk1.8.0_333\jre\lib\ext\localedata.jar;C:\Program Files\Java\jdk1.8.0_333\jre\lib\ext\nashorn.jar;C:\Program Files\Java\jdk1.8.0_333\jre\lib\ext\sunec.jar;C:\Program Files\Java\jdk1.8.0_333\jre\lib\ext\sunjce_provider.jar;C:\Program Files\Java\jdk1.8.0_333\jre\lib\ext\sunmscapi.jar;C:\Program Files\Java\jdk1.8.0_333\jre\lib\ext\sunpkcs11.jar;C:\Program Files\Java\jdk1.8.0_333\jre\lib\ext\zipfs.jar;C:\Program Files\Java\jdk1.8.0_333\jre\lib\javaws.jar;C:\Program Files\Java\jdk1.8.0_333\jre\lib\jce.jar;C:\Program Files\Java\jdk1.8.0_333\jre\lib\jfr.jar;C:\Program Files\Java\jdk1.8.0_333\jre\lib\jfxswt.jar;C:\Program Files\Java\jdk1.8.0_333\jre\lib\jsse.jar;C:\Program Files\Java\jdk1.8.0_333\jre\lib\management-agent.jar;C:\Program Files\Java\jdk1.8.0_333\jre\lib\plugin.jar;C:\Program Files\Java\jdk1.8.0_333\jre\lib\resources.jar;C:\Program Files\Java\jdk1.8.0_333\jre\lib\rt.jar;G:\POLITEKNIK NEGERI BANDUNG\kelasKotlin\build\classes\kotlin\main;C:\Users\danie\.gradle\caches\modules-2\files-2.1\org.jetbrains.kotlin\kotlin-stdlib-jdk8\1.7.10\d70d7d2c56371f7aa18f32e984e3e2e998fe9081\kotlin-stdlib-jdk8-1.7.10.jar;C:\Users\danie\.gradle\caches\modules-2\files-2.1\org.jetbrains.kotlin\kotlin-stdlib-jdk7\1.7.10\1ef73fee66f45d52c67e2aca12fd945dbe0659bf\kotlin-stdlib-jdk7-1.7.10.jar;C:\Users\danie\.gradle\caches\modules-2\files-2.1\org.jetbrains.kotlin\kotlin-stdlib\1.7.10\d2abf9e77736acc4450dc4a3f707fa2c10f5099d\kotlin-stdlib-1.7.10.jar;C:\Users\danie\.gradle\caches\modules-2\files-2.1\org.jetbrains.kotlin\kotlin-stdlib-com
Launcher Type: SUN_STANDARD

Environment Variables:
JAVA_HOME=C:\Program Files\Java\jdk1.8.0_333
PATH=C:\Program Files\Common Files\Oracle\Java\javapath;C:\Program Files (x86)\Common Files\Oracle\Java\javapath;C:\Windows\system32;C:\Windows;C:\Windows\System32\Wbem;C:\Windows\System32\WindowsPowerShell\v1.0\;C:\Windows\System32\OpenSSH\;C:\Users\danie\AppData\Local\Programs\Python\Python310;C:\Program Files\Java\jdk-18.0.2;C:\Program Files\kotlinc\bin;C:\Program Files\dotnet\;C:\Program Files\Git\cmd;C:\Users\danie\AppData\Local\Microsoft\WindowsApps;;C:\Users\danie\AppData\Local\Programs\Microsoft VS Code\bin;C:\Program Files\JetBrains\IntelliJ IDEA Community Edition 2022.2\bin;;C:\Program Files\JetBrains\PyCharm Community Edition 2022.2.1\bin;
USERNAME=Danil
OS=Windows_NT
PROCESSOR_IDENTIFIER=Intel64 Family 6 Model 94 Stepping 3, GenuineIntel



---------------  S Y S T E M  ---------------

OS: Windows 10 , 64 bit Build 19041 (10.0.19041.1889)

CPU:total 8 (initial active 8) (4 cores per cpu, 2 threads per core) family 6 model 94 stepping 3, cmov, cx8, fxsr, mmx, sse, sse2, sse3, ssse3, sse4.1, sse4.2, popcnt, avx, avx2, aes, clmul, erms, rtm, 3dnowpref, lzcnt, ht, tsc, tscinvbit, bmi1, bmi2, adx

Memory: 4k page, physical 8245024k(475624k free), swap 10192672k(5416k free)

vm_info: Java HotSpot(TM) 64-Bit Server VM (25.333-b02) for windows-amd64 JRE (1.8.0_333-b02), built on Apr 25 2022 22:49:11 by "java_re" with MS VC++ 15.9 (VS2017)

time: Wed Oct  5 14:41:01 2022
timezone: SE Asia Standard Time
elapsed time: 0.069196 seconds (0d 0h 0m 0s)

